{"/Users/tobiaslarsen/leo/api/src/app.module.ts": {"path":"/Users/tobiaslarsen/leo/api/src/app.module.ts","statementMap":{"0":{"start":{"line":1,"column":0},"end":{"line":1,"column":40}},"1":{"start":{"line":2,"column":0},"end":{"line":2,"column":61}},"2":{"start":{"line":3,"column":0},"end":{"line":3,"column":48}},"3":{"start":{"line":4,"column":0},"end":{"line":4,"column":51}},"4":{"start":{"line":5,"column":0},"end":{"line":5,"column":48}},"5":{"start":{"line":27,"column":7},"end":{"line":27,"column":null}},"6":{"start":{"line":27,"column":13},"end":{"line":27,"column":22}},"7":{"start":{"line":27,"column":13},"end":{"line":27,"column":null}},"8":{"start":{"line":12,"column":46},"end":{"line":21,"column":8}}},"fnMap":{"0":{"name":"(anonymous_1)","decl":{"start":{"line":12,"column":18},"end":{"line":12,"column":19}},"loc":{"start":{"line":12,"column":46},"end":{"line":21,"column":8}}}},"branchMap":{},"s":{"0":0,"1":0,"2":0,"3":0,"4":0,"5":0,"6":0,"7":0,"8":0},"f":{"0":0},"b":{}}
,"/Users/tobiaslarsen/leo/api/src/main.ts": {"path":"/Users/tobiaslarsen/leo/api/src/main.ts","statementMap":{"0":{"start":{"line":1,"column":0},"end":{"line":1,"column":43}},"1":{"start":{"line":2,"column":0},"end":{"line":2,"column":48}},"2":{"start":{"line":3,"column":0},"end":{"line":3,"column":41}},"3":{"start":{"line":4,"column":0},"end":{"line":4,"column":84}},"4":{"start":{"line":7,"column":14},"end":{"line":7,"column":49}},"5":{"start":{"line":9,"column":2},"end":{"line":15,"column":4}},"6":{"start":{"line":17,"column":2},"end":{"line":17,"column":53}},"7":{"start":{"line":19,"column":2},"end":{"line":19,"column":45}},"8":{"start":{"line":21,"column":0},"end":{"line":21,"column":12}}},"fnMap":{"0":{"name":"bootstrap","decl":{"start":{"line":6,"column":15},"end":{"line":6,"column":24}},"loc":{"start":{"line":6,"column":24},"end":{"line":20,"column":1}}}},"branchMap":{"0":{"loc":{"start":{"line":19,"column":19},"end":{"line":19,"column":43}},"type":"binary-expr","locations":[{"start":{"line":19,"column":19},"end":{"line":19,"column":35}},{"start":{"line":19,"column":39},"end":{"line":19,"column":43}}]}},"s":{"0":0,"1":0,"2":0,"3":0,"4":0,"5":0,"6":0,"7":0,"8":0},"f":{"0":0},"b":{"0":[0,0]}}
,"/Users/tobiaslarsen/leo/api/src/auth/auth.controller.ts": {"path":"/Users/tobiaslarsen/leo/api/src/auth/auth.controller.ts","statementMap":{"0":{"start":{"line":1,"column":0},"end":{"line":1,"column":95}},"1":{"start":{"line":2,"column":0},"end":{"line":2,"column":45}},"2":{"start":{"line":3,"column":0},"end":{"line":3,"column":49}},"3":{"start":{"line":4,"column":0},"end":{"line":4,"column":43}},"4":{"start":{"line":5,"column":0},"end":{"line":5,"column":81}},"5":{"start":{"line":9,"column":7},"end":{"line":22,"column":null}},"6":{"start":{"line":10,"column":31},"end":{"line":10,"column":44}},"7":{"start":{"line":14,"column":4},"end":{"line":14,"column":42}},"8":{"start":{"line":20,"column":4},"end":{"line":20,"column":39}},"9":{"start":{"line":9,"column":13},"end":{"line":9,"column":27}},"10":{"start":{"line":13,"column":2},"end":{"line":15,"column":null}},"11":{"start":{"line":19,"column":2},"end":{"line":21,"column":null}},"12":{"start":{"line":9,"column":13},"end":{"line":22,"column":null}}},"fnMap":{"0":{"name":"(anonymous_4)","decl":{"start":{"line":10,"column":2},"end":{"line":10,"column":31}},"loc":{"start":{"line":10,"column":55},"end":{"line":10,"column":59}}},"1":{"name":"(anonymous_5)","decl":{"start":{"line":13,"column":2},"end":{"line":13,"column":10}},"loc":{"start":{"line":13,"column":35},"end":{"line":15,"column":3}}},"2":{"name":"(anonymous_6)","decl":{"start":{"line":19,"column":2},"end":{"line":19,"column":7}},"loc":{"start":{"line":19,"column":29},"end":{"line":21,"column":3}}}},"branchMap":{"0":{"loc":{"start":{"line":13,"column":24},"end":{"line":13,"column":null}},"type":"cond-expr","locations":[{"start":{"line":13,"column":35},"end":{"line":13,"column":null}},{"start":{"line":13,"column":35},"end":{"line":13,"column":null}}]},"1":{"loc":{"start":{"line":13,"column":24},"end":{"line":13,"column":35}},"type":"binary-expr","locations":[{"start":{"line":13,"column":24},"end":{"line":13,"column":null}},{"start":{"line":13,"column":24},"end":{"line":13,"column":35}}]},"2":{"loc":{"start":{"line":19,"column":21},"end":{"line":19,"column":null}},"type":"cond-expr","locations":[{"start":{"line":19,"column":29},"end":{"line":19,"column":null}},{"start":{"line":19,"column":29},"end":{"line":19,"column":null}}]},"3":{"loc":{"start":{"line":19,"column":21},"end":{"line":19,"column":29}},"type":"binary-expr","locations":[{"start":{"line":19,"column":21},"end":{"line":19,"column":null}},{"start":{"line":19,"column":21},"end":{"line":19,"column":29}}]},"4":{"loc":{"start":{"line":10,"column":44},"end":{"line":10,"column":58}},"type":"cond-expr","locations":[{"start":{"line":10,"column":55},"end":{"line":10,"column":58}},{"start":{"line":10,"column":55},"end":{"line":10,"column":58}}]},"5":{"loc":{"start":{"line":10,"column":44},"end":{"line":10,"column":55}},"type":"binary-expr","locations":[{"start":{"line":10,"column":44},"end":{"line":10,"column":58}},{"start":{"line":10,"column":44},"end":{"line":10,"column":55}}]}},"s":{"0":0,"1":0,"2":0,"3":0,"4":0,"5":0,"6":0,"7":0,"8":0,"9":0,"10":0,"11":0,"12":0},"f":{"0":0,"1":0,"2":0},"b":{"0":[0,0],"1":[0,0],"2":[0,0],"3":[0,0],"4":[0,0],"5":[0,0]}}
,"/Users/tobiaslarsen/leo/api/src/auth/auth.module.ts": {"path":"/Users/tobiaslarsen/leo/api/src/auth/auth.module.ts","statementMap":{"0":{"start":{"line":1,"column":0},"end":{"line":1,"column":40}},"1":{"start":{"line":2,"column":0},"end":{"line":2,"column":40}},"2":{"start":{"line":3,"column":0},"end":{"line":3,"column":50}},"3":{"start":{"line":4,"column":0},"end":{"line":4,"column":48}},"4":{"start":{"line":5,"column":0},"end":{"line":5,"column":61}},"5":{"start":{"line":6,"column":0},"end":{"line":6,"column":45}},"6":{"start":{"line":7,"column":0},"end":{"line":7,"column":51}},"7":{"start":{"line":8,"column":0},"end":{"line":8,"column":56}},"8":{"start":{"line":9,"column":0},"end":{"line":9,"column":53}},"9":{"start":{"line":27,"column":7},"end":{"line":27,"column":null}},"10":{"start":{"line":27,"column":13},"end":{"line":27,"column":23}},"11":{"start":{"line":27,"column":13},"end":{"line":27,"column":null}},"12":{"start":{"line":18,"column":46},"end":{"line":21,"column":8}}},"fnMap":{"0":{"name":"(anonymous_1)","decl":{"start":{"line":18,"column":18},"end":{"line":18,"column":19}},"loc":{"start":{"line":18,"column":46},"end":{"line":21,"column":8}}}},"branchMap":{},"s":{"0":0,"1":0,"2":0,"3":0,"4":0,"5":0,"6":0,"7":0,"8":0,"9":0,"10":0,"11":0,"12":0},"f":{"0":0},"b":{}}
,"/Users/tobiaslarsen/leo/api/src/auth/auth.service.ts": {"path":"/Users/tobiaslarsen/leo/api/src/auth/auth.service.ts","statementMap":{"0":{"start":{"line":1,"column":0},"end":{"line":1,"column":null}},"1":{"start":{"line":6,"column":0},"end":{"line":6,"column":41}},"2":{"start":{"line":7,"column":0},"end":{"line":7,"column":51}},"3":{"start":{"line":8,"column":0},"end":{"line":8,"column":37}},"4":{"start":{"line":9,"column":0},"end":{"line":9,"column":33}},"5":{"start":{"line":10,"column":0},"end":{"line":10,"column":53}},"6":{"start":{"line":15,"column":7},"end":{"line":41,"column":null}},"7":{"start":{"line":17,"column":45},"end":{"line":17,"column":55}},"8":{"start":{"line":18,"column":21},"end":{"line":18,"column":33}},"9":{"start":{"line":22,"column":19},"end":{"line":22,"column":79}},"10":{"start":{"line":23,"column":4},"end":{"line":23,"column":68}},"11":{"start":{"line":23,"column":16},"end":{"line":23,"column":68}},"12":{"start":{"line":25,"column":19},"end":{"line":25,"column":54}},"13":{"start":{"line":26,"column":17},"end":{"line":26,"column":67}},"14":{"start":{"line":27,"column":4},"end":{"line":27,"column":36}},"15":{"start":{"line":31,"column":17},"end":{"line":31,"column":77}},"16":{"start":{"line":32,"column":4},"end":{"line":32,"column":70}},"17":{"start":{"line":32,"column":15},"end":{"line":32,"column":70}},"18":{"start":{"line":34,"column":18},"end":{"line":34,"column":67}},"19":{"start":{"line":35,"column":4},"end":{"line":35,"column":71}},"20":{"start":{"line":35,"column":16},"end":{"line":35,"column":71}},"21":{"start":{"line":37,"column":18},"end":{"line":37,"column":75}},"22":{"start":{"line":38,"column":4},"end":{"line":38,"column":30}},"23":{"start":{"line":39,"column":4},"end":{"line":39,"column":36}},"24":{"start":{"line":15,"column":13},"end":{"line":15,"column":24}},"25":{"start":{"line":15,"column":13},"end":{"line":41,"column":null}}},"fnMap":{"0":{"name":"(anonymous_13)","decl":{"start":{"line":16,"column":2},"end":{"line":16,"column":null}},"loc":{"start":{"line":18,"column":43},"end":{"line":19,"column":6}}},"1":{"name":"(anonymous_14)","decl":{"start":{"line":21,"column":2},"end":{"line":21,"column":7}},"loc":{"start":{"line":21,"column":33},"end":{"line":28,"column":3}}},"2":{"name":"(anonymous_15)","decl":{"start":{"line":30,"column":2},"end":{"line":30,"column":7}},"loc":{"start":{"line":30,"column":27},"end":{"line":40,"column":3}}}},"branchMap":{"0":{"loc":{"start":{"line":23,"column":4},"end":{"line":23,"column":68}},"type":"if","locations":[{"start":{"line":23,"column":4},"end":{"line":23,"column":68}},{"start":{},"end":{}}]},"1":{"loc":{"start":{"line":32,"column":4},"end":{"line":32,"column":70}},"type":"if","locations":[{"start":{"line":32,"column":4},"end":{"line":32,"column":70}},{"start":{},"end":{}}]},"2":{"loc":{"start":{"line":35,"column":4},"end":{"line":35,"column":71}},"type":"if","locations":[{"start":{"line":35,"column":4},"end":{"line":35,"column":71}},{"start":{},"end":{}}]},"3":{"loc":{"start":{"line":17,"column":55},"end":{"line":17,"column":71}},"type":"cond-expr","locations":[{"start":{"line":17,"column":65},"end":{"line":17,"column":71}},{"start":{"line":17,"column":65},"end":{"line":17,"column":71}}]},"4":{"loc":{"start":{"line":17,"column":55},"end":{"line":17,"column":65}},"type":"binary-expr","locations":[{"start":{"line":17,"column":55},"end":{"line":17,"column":71}},{"start":{"line":17,"column":55},"end":{"line":17,"column":65}}]},"5":{"loc":{"start":{"line":17,"column":65},"end":{"line":18,"column":null}},"type":"cond-expr","locations":[{"start":{"line":18,"column":43},"end":{"line":18,"column":null}},{"start":{"line":18,"column":43},"end":{"line":18,"column":null}}]},"6":{"loc":{"start":{"line":17,"column":65},"end":{"line":18,"column":43}},"type":"binary-expr","locations":[{"start":{"line":17,"column":65},"end":{"line":18,"column":null}},{"start":{"line":18,"column":33},"end":{"line":18,"column":43}}]}},"s":{"0":1,"1":1,"2":1,"3":1,"4":1,"5":1,"6":1,"7":5,"8":5,"9":2,"10":2,"11":1,"12":1,"13":1,"14":1,"15":3,"16":3,"17":1,"18":2,"19":2,"20":1,"21":1,"22":1,"23":1,"24":1,"25":1},"f":{"0":5,"1":2,"2":3},"b":{"0":[1,1],"1":[1,2],"2":[1,1],"3":[1,0],"4":[1,1],"5":[1,0],"6":[1,1]}}
,"/Users/tobiaslarsen/leo/api/src/auth/dto/login.dto.ts": {"path":"/Users/tobiaslarsen/leo/api/src/auth/dto/login.dto.ts","statementMap":{"0":{"start":{"line":1,"column":0},"end":{"line":1,"column":63}},"1":{"start":{"line":3,"column":0},"end":{"line":3,"column":13}},"2":{"start":{"line":5,"column":2},"end":{"line":5,"column":null}},"3":{"start":{"line":9,"column":2},"end":{"line":9,"column":null}}},"fnMap":{},"branchMap":{},"s":{"0":0,"1":0,"2":0,"3":0},"f":{},"b":{}}
,"/Users/tobiaslarsen/leo/api/src/auth/dto/register.dto.ts": {"path":"/Users/tobiaslarsen/leo/api/src/auth/dto/register.dto.ts","statementMap":{"0":{"start":{"line":1,"column":0},"end":{"line":1,"column":63}},"1":{"start":{"line":3,"column":0},"end":{"line":3,"column":13}},"2":{"start":{"line":5,"column":2},"end":{"line":5,"column":null}},"3":{"start":{"line":8,"column":2},"end":{"line":8,"column":null}},"4":{"start":{"line":12,"column":2},"end":{"line":12,"column":null}}},"fnMap":{},"branchMap":{},"s":{"0":0,"1":0,"2":0,"3":0,"4":0},"f":{},"b":{}}
,"/Users/tobiaslarsen/leo/api/src/auth/strategies/jwt.strategy.ts": {"path":"/Users/tobiaslarsen/leo/api/src/auth/strategies/jwt.strategy.ts","statementMap":{"0":{"start":{"line":1,"column":0},"end":{"line":1,"column":67}},"1":{"start":{"line":2,"column":0},"end":{"line":2,"column":52}},"2":{"start":{"line":3,"column":0},"end":{"line":3,"column":52}},"3":{"start":{"line":4,"column":0},"end":{"line":4,"column":47}},"4":{"start":{"line":5,"column":0},"end":{"line":5,"column":51}},"5":{"start":{"line":6,"column":0},"end":{"line":6,"column":37}},"6":{"start":{"line":7,"column":0},"end":{"line":7,"column":56}},"7":{"start":{"line":15,"column":7},"end":{"line":32,"column":null}},"8":{"start":{"line":20,"column":4},"end":{"line":24,"column":7}},"9":{"start":{"line":18,"column":45},"end":{"line":18,"column":55}},"10":{"start":{"line":28,"column":17},"end":{"line":28,"column":76}},"11":{"start":{"line":29,"column":4},"end":{"line":29,"column":49}},"12":{"start":{"line":29,"column":15},"end":{"line":29,"column":49}},"13":{"start":{"line":30,"column":4},"end":{"line":30,"column":16}},"14":{"start":{"line":15,"column":13},"end":{"line":15,"column":24}},"15":{"start":{"line":15,"column":13},"end":{"line":32,"column":null}}},"fnMap":{"0":{"name":"(anonymous_4)","decl":{"start":{"line":16,"column":2},"end":{"line":16,"column":null}},"loc":{"start":{"line":18,"column":71},"end":{"line":25,"column":3}}},"1":{"name":"(anonymous_5)","decl":{"start":{"line":27,"column":2},"end":{"line":27,"column":7}},"loc":{"start":{"line":27,"column":36},"end":{"line":31,"column":3}}}},"branchMap":{"0":{"loc":{"start":{"line":29,"column":4},"end":{"line":29,"column":49}},"type":"if","locations":[{"start":{"line":29,"column":4},"end":{"line":29,"column":49}},{"start":{},"end":{}}]},"1":{"loc":{"start":{"line":17,"column":12},"end":{"line":17,"column":null}},"type":"cond-expr","locations":[{"start":{"line":17,"column":25},"end":{"line":17,"column":null}},{"start":{"line":17,"column":25},"end":{"line":17,"column":null}}]},"2":{"loc":{"start":{"line":17,"column":12},"end":{"line":17,"column":25}},"type":"binary-expr","locations":[{"start":{"line":17,"column":12},"end":{"line":17,"column":null}},{"start":{"line":17,"column":12},"end":{"line":17,"column":25}}]},"3":{"loc":{"start":{"line":17,"column":25},"end":{"line":18,"column":71}},"type":"cond-expr","locations":[{"start":{"line":18,"column":65},"end":{"line":18,"column":71}},{"start":{"line":18,"column":65},"end":{"line":18,"column":71}}]},"4":{"loc":{"start":{"line":17,"column":25},"end":{"line":18,"column":65}},"type":"binary-expr","locations":[{"start":{"line":17,"column":25},"end":{"line":18,"column":71}},{"start":{"line":18,"column":55},"end":{"line":18,"column":65}}]}},"s":{"0":0,"1":0,"2":0,"3":0,"4":0,"5":0,"6":0,"7":0,"8":0,"9":0,"10":0,"11":0,"12":0,"13":0,"14":0,"15":0},"f":{"0":0,"1":0},"b":{"0":[0,0],"1":[0,0],"2":[0,0],"3":[0,0],"4":[0,0]}}
,"/Users/tobiaslarsen/leo/api/src/common/decorators/current-user.decorator.ts": {"path":"/Users/tobiaslarsen/leo/api/src/common/decorators/current-user.decorator.ts","statementMap":{"0":{"start":{"line":1,"column":0},"end":{"line":1,"column":72}},"1":{"start":{"line":4,"column":13},"end":{"line":8,"column":2}},"2":{"start":{"line":6,"column":4},"end":{"line":6,"column":48}}},"fnMap":{"0":{"name":"(anonymous_0)","decl":{"start":{"line":5,"column":2},"end":{"line":5,"column":3}},"loc":{"start":{"line":5,"column":46},"end":{"line":7,"column":3}}}},"branchMap":{},"s":{"0":1,"1":1,"2":0},"f":{"0":0},"b":{}}
,"/Users/tobiaslarsen/leo/api/src/common/decorators/roles.decorator.ts": {"path":"/Users/tobiaslarsen/leo/api/src/common/decorators/roles.decorator.ts","statementMap":{"0":{"start":{"line":1,"column":0},"end":{"line":1,"column":45}},"1":{"start":{"line":4,"column":13},"end":{"line":4,"column":33}},"2":{"start":{"line":5,"column":21},"end":{"line":5,"column":76}},"3":{"start":{"line":5,"column":47},"end":{"line":5,"column":76}},"4":{"start":{"line":5,"column":13},"end":{"line":5,"column":21}}},"fnMap":{"0":{"name":"(anonymous_0)","decl":{"start":{"line":5,"column":21},"end":{"line":5,"column":22}},"loc":{"start":{"line":5,"column":47},"end":{"line":5,"column":76}}}},"branchMap":{},"s":{"0":2,"1":2,"2":2,"3":2,"4":2},"f":{"0":2},"b":{}}
,"/Users/tobiaslarsen/leo/api/src/common/filters/json-api-exception.filter.ts": {"path":"/Users/tobiaslarsen/leo/api/src/common/filters/json-api-exception.filter.ts","statementMap":{"0":{"start":{"line":1,"column":0},"end":{"line":1,"column":null}},"1":{"start":{"line":11,"column":7},"end":{"line":35,"column":null}},"2":{"start":{"line":13,"column":16},"end":{"line":13,"column":35}},"3":{"start":{"line":14,"column":21},"end":{"line":14,"column":48}},"4":{"start":{"line":17,"column":6},"end":{"line":19,"column":42}},"5":{"start":{"line":22,"column":6},"end":{"line":22,"column":73}},"6":{"start":{"line":25,"column":6},"end":{"line":27,"column":99}},"7":{"start":{"line":29,"column":19},"end":{"line":31,"column":51}},"8":{"start":{"line":30,"column":35},"end":{"line":30,"column":71}},"9":{"start":{"line":33,"column":4},"end":{"line":33,"column":45}},"10":{"start":{"line":11,"column":13},"end":{"line":11,"column":35}},"11":{"start":{"line":11,"column":13},"end":{"line":35,"column":null}}},"fnMap":{"0":{"name":"(anonymous_1)","decl":{"start":{"line":12,"column":2},"end":{"line":12,"column":7}},"loc":{"start":{"line":12,"column":47},"end":{"line":34,"column":3}}},"1":{"name":"(anonymous_2)","decl":{"start":{"line":30,"column":19},"end":{"line":30,"column":20}},"loc":{"start":{"line":30,"column":35},"end":{"line":30,"column":71}}}},"branchMap":{"0":{"loc":{"start":{"line":17,"column":6},"end":{"line":19,"column":42}},"type":"cond-expr","locations":[{"start":{"line":18,"column":10},"end":{"line":18,"column":31}},{"start":{"line":19,"column":10},"end":{"line":19,"column":42}}]},"1":{"loc":{"start":{"line":22,"column":6},"end":{"line":22,"column":73}},"type":"cond-expr","locations":[{"start":{"line":22,"column":43},"end":{"line":22,"column":66}},{"start":{"line":22,"column":69},"end":{"line":22,"column":73}}]},"2":{"loc":{"start":{"line":25,"column":6},"end":{"line":27,"column":99}},"type":"cond-expr","locations":[{"start":{"line":26,"column":10},"end":{"line":26,"column":27}},{"start":{"line":27,"column":11},"end":{"line":27,"column":99}}]},"3":{"loc":{"start":{"line":27,"column":11},"end":{"line":27,"column":99}},"type":"binary-expr","locations":[{"start":{"line":27,"column":11},"end":{"line":27,"column":65}},{"start":{"line":27,"column":69},"end":{"line":27,"column":99}}]},"4":{"loc":{"start":{"line":29,"column":19},"end":{"line":31,"column":51}},"type":"cond-expr","locations":[{"start":{"line":30,"column":8},"end":{"line":30,"column":73}},{"start":{"line":31,"column":8},"end":{"line":31,"column":51}}]}},"s":{"0":0,"1":0,"2":0,"3":0,"4":0,"5":0,"6":0,"7":0,"8":0,"9":0,"10":0,"11":0},"f":{"0":0,"1":0},"b":{"0":[0,0],"1":[0,0],"2":[0,0],"3":[0,0],"4":[0,0]}}
,"/Users/tobiaslarsen/leo/api/src/common/guards/jwt-auth.guard.ts": {"path":"/Users/tobiaslarsen/leo/api/src/common/guards/jwt-auth.guard.ts","statementMap":{"0":{"start":{"line":1,"column":0},"end":{"line":1,"column":44}},"1":{"start":{"line":2,"column":0},"end":{"line":2,"column":45}},"2":{"start":{"line":5,"column":7},"end":{"line":5,"column":null}},"3":{"start":{"line":5,"column":13},"end":{"line":5,"column":25}},"4":{"start":{"line":5,"column":13},"end":{"line":5,"column":null}}},"fnMap":{},"branchMap":{},"s":{"0":1,"1":1,"2":1,"3":1,"4":1},"f":{},"b":{}}
,"/Users/tobiaslarsen/leo/api/src/common/guards/roles.guard.ts": {"path":"/Users/tobiaslarsen/leo/api/src/common/guards/roles.guard.ts","statementMap":{"0":{"start":{"line":1,"column":0},"end":{"line":1,"column":75}},"1":{"start":{"line":2,"column":0},"end":{"line":2,"column":41}},"2":{"start":{"line":4,"column":0},"end":{"line":4,"column":58}},"3":{"start":{"line":7,"column":7},"end":{"line":21,"column":null}},"4":{"start":{"line":8,"column":31},"end":{"line":8,"column":42}},"5":{"start":{"line":11,"column":21},"end":{"line":14,"column":6}},"6":{"start":{"line":16,"column":4},"end":{"line":16,"column":31}},"7":{"start":{"line":16,"column":19},"end":{"line":16,"column":31}},"8":{"start":{"line":18,"column":21},"end":{"line":18,"column":56}},"9":{"start":{"line":19,"column":4},"end":{"line":19,"column":41}},"10":{"start":{"line":7,"column":13},"end":{"line":7,"column":23}},"11":{"start":{"line":7,"column":13},"end":{"line":21,"column":null}}},"fnMap":{"0":{"name":"(anonymous_2)","decl":{"start":{"line":8,"column":2},"end":{"line":8,"column":31}},"loc":{"start":{"line":8,"column":51},"end":{"line":8,"column":55}}},"1":{"name":"(anonymous_3)","decl":{"start":{"line":10,"column":2},"end":{"line":10,"column":13}},"loc":{"start":{"line":10,"column":39},"end":{"line":20,"column":3}}}},"branchMap":{"0":{"loc":{"start":{"line":16,"column":4},"end":{"line":16,"column":31}},"type":"if","locations":[{"start":{"line":16,"column":4},"end":{"line":16,"column":31}},{"start":{},"end":{}}]},"1":{"loc":{"start":{"line":8,"column":42},"end":{"line":8,"column":54}},"type":"cond-expr","locations":[{"start":{"line":8,"column":51},"end":{"line":8,"column":54}},{"start":{"line":8,"column":51},"end":{"line":8,"column":54}}]},"2":{"loc":{"start":{"line":8,"column":42},"end":{"line":8,"column":51}},"type":"binary-expr","locations":[{"start":{"line":8,"column":42},"end":{"line":8,"column":54}},{"start":{"line":8,"column":42},"end":{"line":8,"column":51}}]}},"s":{"0":2,"1":2,"2":2,"3":2,"4":10,"5":4,"6":4,"7":1,"8":3,"9":3,"10":2,"11":2},"f":{"0":10,"1":4},"b":{"0":[1,3],"1":[2,0],"2":[2,2]}}
,"/Users/tobiaslarsen/leo/api/src/common/interceptors/json-api.interceptor.ts": {"path":"/Users/tobiaslarsen/leo/api/src/common/interceptors/json-api.interceptor.ts","statementMap":{"0":{"start":{"line":1,"column":0},"end":{"line":1,"column":null}},"1":{"start":{"line":8,"column":0},"end":{"line":8,"column":37}},"2":{"start":{"line":21,"column":56},"end":{"line":21,"column":64}},"3":{"start":{"line":22,"column":2},"end":{"line":26,"column":4}},"4":{"start":{"line":30,"column":7},"end":{"line":46,"column":null}},"5":{"start":{"line":31,"column":31},"end":{"line":31,"column":51}},"6":{"start":{"line":34,"column":4},"end":{"line":44,"column":6}},"7":{"start":{"line":36,"column":8},"end":{"line":36,"column":61}},"8":{"start":{"line":36,"column":49},"end":{"line":36,"column":61}},"9":{"start":{"line":38,"column":8},"end":{"line":40,"column":9}},"10":{"start":{"line":39,"column":10},"end":{"line":39,"column":82}},"11":{"start":{"line":39,"column":44},"end":{"line":39,"column":78}},"12":{"start":{"line":42,"column":8},"end":{"line":42,"column":87}},"13":{"start":{"line":30,"column":13},"end":{"line":30,"column":31}},"14":{"start":{"line":30,"column":13},"end":{"line":46,"column":null}}},"fnMap":{"0":{"name":"serialize","decl":{"start":{"line":20,"column":9},"end":{"line":20,"column":18}},"loc":{"start":{"line":20,"column":66},"end":{"line":27,"column":1}}},"1":{"name":"(anonymous_3)","decl":{"start":{"line":31,"column":2},"end":{"line":31,"column":31}},"loc":{"start":{"line":31,"column":51},"end":{"line":31,"column":55}}},"2":{"name":"(anonymous_4)","decl":{"start":{"line":33,"column":2},"end":{"line":33,"column":11}},"loc":{"start":{"line":33,"column":53},"end":{"line":45,"column":3}}},"3":{"name":"(anonymous_5)","decl":{"start":{"line":35,"column":10},"end":{"line":35,"column":11}},"loc":{"start":{"line":35,"column":19},"end":{"line":43,"column":7}}},"4":{"name":"(anonymous_6)","decl":{"start":{"line":39,"column":34},"end":{"line":39,"column":35}},"loc":{"start":{"line":39,"column":44},"end":{"line":39,"column":78}}}},"branchMap":{"0":{"loc":{"start":{"line":36,"column":8},"end":{"line":36,"column":61}},"type":"if","locations":[{"start":{"line":36,"column":8},"end":{"line":36,"column":61}},{"start":{},"end":{}}]},"1":{"loc":{"start":{"line":36,"column":12},"end":{"line":36,"column":47}},"type":"binary-expr","locations":[{"start":{"line":36,"column":12},"end":{"line":36,"column":25}},{"start":{"line":36,"column":29},"end":{"line":36,"column":47}}]},"2":{"loc":{"start":{"line":38,"column":8},"end":{"line":40,"column":9}},"type":"if","locations":[{"start":{"line":38,"column":8},"end":{"line":40,"column":9}},{"start":{},"end":{}}]}},"s":{"0":1,"1":1,"2":0,"3":0,"4":1,"5":1,"6":0,"7":0,"8":0,"9":0,"10":0,"11":0,"12":0,"13":1,"14":1},"f":{"0":0,"1":1,"2":0,"3":0,"4":0},"b":{"0":[0,0],"1":[0,0],"2":[0,0]}}
,"/Users/tobiaslarsen/leo/api/src/users/users.controller.ts": {"path":"/Users/tobiaslarsen/leo/api/src/users/users.controller.ts","statementMap":{"0":{"start":{"line":1,"column":0},"end":{"line":1,"column":null}},"1":{"start":{"line":14,"column":0},"end":{"line":14,"column":47}},"2":{"start":{"line":15,"column":0},"end":{"line":15,"column":54}},"3":{"start":{"line":16,"column":0},"end":{"line":16,"column":63}},"4":{"start":{"line":17,"column":0},"end":{"line":17,"column":58}},"5":{"start":{"line":18,"column":0},"end":{"line":18,"column":61}},"6":{"start":{"line":19,"column":0},"end":{"line":19,"column":74}},"7":{"start":{"line":20,"column":0},"end":{"line":20,"column":81}},"8":{"start":{"line":21,"column":0},"end":{"line":21,"column":50}},"9":{"start":{"line":22,"column":0},"end":{"line":22,"column":46}},"10":{"start":{"line":27,"column":7},"end":{"line":63,"column":null}},"11":{"start":{"line":28,"column":31},"end":{"line":28,"column":45}},"12":{"start":{"line":33,"column":4},"end":{"line":33,"column":39}},"13":{"start":{"line":38,"column":20},"end":{"line":38,"column":48}},"14":{"start":{"line":39,"column":19},"end":{"line":39,"column":33}},"15":{"start":{"line":41,"column":4},"end":{"line":43,"column":5}},"16":{"start":{"line":42,"column":6},"end":{"line":42,"column":73}},"17":{"start":{"line":45,"column":4},"end":{"line":45,"column":42}},"18":{"start":{"line":54,"column":4},"end":{"line":54,"column":51}},"19":{"start":{"line":61,"column":4},"end":{"line":61,"column":46}},"20":{"start":{"line":27,"column":13},"end":{"line":27,"column":28}},"21":{"start":{"line":32,"column":2},"end":{"line":34,"column":null}},"22":{"start":{"line":37,"column":8},"end":{"line":46,"column":null}},"23":{"start":{"line":49,"column":2},"end":{"line":55,"column":null}},"24":{"start":{"line":60,"column":2},"end":{"line":62,"column":null}},"25":{"start":{"line":27,"column":13},"end":{"line":63,"column":null}}},"fnMap":{"0":{"name":"(anonymous_4)","decl":{"start":{"line":28,"column":2},"end":{"line":28,"column":31}},"loc":{"start":{"line":28,"column":57},"end":{"line":28,"column":61}}},"1":{"name":"(anonymous_5)","decl":{"start":{"line":32,"column":2},"end":{"line":32,"column":9}},"loc":{"start":{"line":32,"column":9},"end":{"line":34,"column":3}}},"2":{"name":"(anonymous_6)","decl":{"start":{"line":37,"column":8},"end":{"line":37,"column":15}},"loc":{"start":{"line":37,"column":66},"end":{"line":46,"column":3}}},"3":{"name":"(anonymous_7)","decl":{"start":{"line":49,"column":2},"end":{"line":49,"column":8}},"loc":{"start":{"line":52,"column":29},"end":{"line":55,"column":3}}},"4":{"name":"(anonymous_8)","decl":{"start":{"line":60,"column":2},"end":{"line":60,"column":8}},"loc":{"start":{"line":60,"column":59},"end":{"line":62,"column":3}}}},"branchMap":{"0":{"loc":{"start":{"line":41,"column":4},"end":{"line":43,"column":5}},"type":"if","locations":[{"start":{"line":41,"column":4},"end":{"line":43,"column":5}},{"start":{},"end":{}}]},"1":{"loc":{"start":{"line":41,"column":8},"end":{"line":41,"column":27}},"type":"binary-expr","locations":[{"start":{"line":41,"column":8},"end":{"line":41,"column":16}},{"start":{"line":41,"column":20},"end":{"line":41,"column":27}}]},"2":{"loc":{"start":{"line":37,"column":62},"end":{"line":37,"column":null}},"type":"cond-expr","locations":[{"start":{"line":37,"column":66},"end":{"line":37,"column":null}},{"start":{"line":37,"column":66},"end":{"line":37,"column":null}}]},"3":{"loc":{"start":{"line":37,"column":62},"end":{"line":37,"column":66}},"type":"binary-expr","locations":[{"start":{"line":37,"column":62},"end":{"line":37,"column":null}},{"start":{"line":37,"column":62},"end":{"line":37,"column":66}}]},"4":{"loc":{"start":{"line":51,"column":17},"end":{"line":51,"column":null}},"type":"cond-expr","locations":[{"start":{"line":51,"column":30},"end":{"line":51,"column":null}},{"start":{"line":51,"column":30},"end":{"line":51,"column":null}}]},"5":{"loc":{"start":{"line":51,"column":17},"end":{"line":51,"column":30}},"type":"binary-expr","locations":[{"start":{"line":51,"column":17},"end":{"line":51,"column":null}},{"start":{"line":51,"column":17},"end":{"line":51,"column":30}}]},"6":{"loc":{"start":{"line":51,"column":30},"end":{"line":52,"column":null}},"type":"cond-expr","locations":[{"start":{"line":52,"column":29},"end":{"line":52,"column":null}},{"start":{"line":52,"column":29},"end":{"line":52,"column":null}}]},"7":{"loc":{"start":{"line":51,"column":30},"end":{"line":52,"column":29}},"type":"binary-expr","locations":[{"start":{"line":51,"column":30},"end":{"line":52,"column":null}},{"start":{"line":52,"column":25},"end":{"line":52,"column":29}}]},"8":{"loc":{"start":{"line":60,"column":55},"end":{"line":60,"column":null}},"type":"cond-expr","locations":[{"start":{"line":60,"column":59},"end":{"line":60,"column":null}},{"start":{"line":60,"column":59},"end":{"line":60,"column":null}}]},"9":{"loc":{"start":{"line":60,"column":55},"end":{"line":60,"column":59}},"type":"binary-expr","locations":[{"start":{"line":60,"column":55},"end":{"line":60,"column":null}},{"start":{"line":60,"column":55},"end":{"line":60,"column":59}}]},"10":{"loc":{"start":{"line":28,"column":45},"end":{"line":28,"column":60}},"type":"cond-expr","locations":[{"start":{"line":28,"column":57},"end":{"line":28,"column":60}},{"start":{"line":28,"column":57},"end":{"line":28,"column":60}}]},"11":{"loc":{"start":{"line":28,"column":45},"end":{"line":28,"column":57}},"type":"binary-expr","locations":[{"start":{"line":28,"column":45},"end":{"line":28,"column":60}},{"start":{"line":28,"column":45},"end":{"line":28,"column":57}}]}},"s":{"0":1,"1":1,"2":1,"3":1,"4":1,"5":1,"6":1,"7":1,"8":1,"9":1,"10":1,"11":6,"12":1,"13":3,"14":3,"15":3,"16":1,"17":2,"18":1,"19":1,"20":1,"21":1,"22":1,"23":1,"24":1,"25":1},"f":{"0":6,"1":1,"2":3,"3":1,"4":1},"b":{"0":[1,2],"1":[3,2],"2":[1,0],"3":[1,1],"4":[1,0],"5":[1,1],"6":[1,0],"7":[1,1],"8":[1,0],"9":[1,1],"10":[1,0],"11":[1,1]}}
,"/Users/tobiaslarsen/leo/api/src/users/users.module.ts": {"path":"/Users/tobiaslarsen/leo/api/src/users/users.module.ts","statementMap":{"0":{"start":{"line":1,"column":0},"end":{"line":1,"column":40}},"1":{"start":{"line":2,"column":0},"end":{"line":2,"column":48}},"2":{"start":{"line":3,"column":0},"end":{"line":3,"column":47}},"3":{"start":{"line":4,"column":0},"end":{"line":4,"column":53}},"4":{"start":{"line":5,"column":0},"end":{"line":5,"column":53}},"5":{"start":{"line":6,"column":0},"end":{"line":6,"column":46}},"6":{"start":{"line":7,"column":0},"end":{"line":7,"column":73}},"7":{"start":{"line":19,"column":7},"end":{"line":19,"column":null}},"8":{"start":{"line":19,"column":13},"end":{"line":19,"column":24}},"9":{"start":{"line":19,"column":13},"end":{"line":19,"column":null}}},"fnMap":{},"branchMap":{},"s":{"0":0,"1":0,"2":0,"3":0,"4":0,"5":0,"6":0,"7":0,"8":0,"9":0},"f":{},"b":{}}
,"/Users/tobiaslarsen/leo/api/src/users/users.repository.ts": {"path":"/Users/tobiaslarsen/leo/api/src/users/users.repository.ts","statementMap":{"0":{"start":{"line":1,"column":0},"end":{"line":1,"column":44}},"1":{"start":{"line":2,"column":0},"end":{"line":2,"column":51}},"2":{"start":{"line":3,"column":0},"end":{"line":3,"column":37}},"3":{"start":{"line":4,"column":0},"end":{"line":4,"column":33}},"4":{"start":{"line":5,"column":0},"end":{"line":5,"column":46}},"5":{"start":{"line":11,"column":7},"end":{"line":49,"column":null}},"6":{"start":{"line":13,"column":45},"end":{"line":13,"column":51}},"7":{"start":{"line":17,"column":4},"end":{"line":17,"column":28}},"8":{"start":{"line":21,"column":4},"end":{"line":21,"column":48}},"9":{"start":{"line":25,"column":4},"end":{"line":25,"column":51}},"10":{"start":{"line":29,"column":19},"end":{"line":29,"column":54}},"11":{"start":{"line":30,"column":17},"end":{"line":30,"column":63}},"12":{"start":{"line":31,"column":4},"end":{"line":31,"column":32}},"13":{"start":{"line":35,"column":17},"end":{"line":35,"column":40}},"14":{"start":{"line":36,"column":4},"end":{"line":36,"column":27}},"15":{"start":{"line":36,"column":15},"end":{"line":36,"column":27}},"16":{"start":{"line":38,"column":4},"end":{"line":40,"column":5}},"17":{"start":{"line":39,"column":6},"end":{"line":39,"column":57}},"18":{"start":{"line":42,"column":4},"end":{"line":42,"column":29}},"19":{"start":{"line":43,"column":4},"end":{"line":43,"column":32}},"20":{"start":{"line":47,"column":4},"end":{"line":47,"column":31}},"21":{"start":{"line":11,"column":13},"end":{"line":11,"column":28}},"22":{"start":{"line":11,"column":13},"end":{"line":49,"column":null}}},"fnMap":{"0":{"name":"(anonymous_13)","decl":{"start":{"line":12,"column":2},"end":{"line":12,"column":null}},"loc":{"start":{"line":13,"column":67},"end":{"line":14,"column":6}}},"1":{"name":"(anonymous_14)","decl":{"start":{"line":16,"column":2},"end":{"line":16,"column":9}},"loc":{"start":{"line":16,"column":9},"end":{"line":18,"column":3}}},"2":{"name":"(anonymous_15)","decl":{"start":{"line":20,"column":2},"end":{"line":20,"column":10}},"loc":{"start":{"line":20,"column":21},"end":{"line":22,"column":3}}},"3":{"name":"(anonymous_16)","decl":{"start":{"line":24,"column":2},"end":{"line":24,"column":13}},"loc":{"start":{"line":24,"column":27},"end":{"line":26,"column":3}}},"4":{"name":"(anonymous_17)","decl":{"start":{"line":28,"column":2},"end":{"line":28,"column":7}},"loc":{"start":{"line":28,"column":33},"end":{"line":32,"column":3}}},"5":{"name":"(anonymous_18)","decl":{"start":{"line":34,"column":2},"end":{"line":34,"column":7}},"loc":{"start":{"line":34,"column":45},"end":{"line":44,"column":3}}},"6":{"name":"(anonymous_19)","decl":{"start":{"line":46,"column":2},"end":{"line":46,"column":7}},"loc":{"start":{"line":46,"column":25},"end":{"line":48,"column":3}}}},"branchMap":{"0":{"loc":{"start":{"line":36,"column":4},"end":{"line":36,"column":27}},"type":"if","locations":[{"start":{"line":36,"column":4},"end":{"line":36,"column":27}},{"start":{},"end":{}}]},"1":{"loc":{"start":{"line":38,"column":4},"end":{"line":40,"column":5}},"type":"if","locations":[{"start":{"line":38,"column":4},"end":{"line":40,"column":5}},{"start":{},"end":{}}]},"2":{"loc":{"start":{"line":13,"column":51},"end":{"line":13,"column":67}},"type":"cond-expr","locations":[{"start":{"line":13,"column":61},"end":{"line":13,"column":67}},{"start":{"line":13,"column":61},"end":{"line":13,"column":67}}]},"3":{"loc":{"start":{"line":13,"column":51},"end":{"line":13,"column":61}},"type":"binary-expr","locations":[{"start":{"line":13,"column":51},"end":{"line":13,"column":67}},{"start":{"line":13,"column":51},"end":{"line":13,"column":61}}]}},"s":{"0":0,"1":0,"2":0,"3":0,"4":0,"5":0,"6":0,"7":0,"8":0,"9":0,"10":0,"11":0,"12":0,"13":0,"14":0,"15":0,"16":0,"17":0,"18":0,"19":0,"20":0,"21":0,"22":0},"f":{"0":0,"1":0,"2":0,"3":0,"4":0,"5":0,"6":0},"b":{"0":[0,0],"1":[0,0],"2":[0,0],"3":[0,0]}}
,"/Users/tobiaslarsen/leo/api/src/users/users.service.ts": {"path":"/Users/tobiaslarsen/leo/api/src/users/users.service.ts","statementMap":{"0":{"start":{"line":1,"column":0},"end":{"line":1,"column":null}},"1":{"start":{"line":8,"column":0},"end":{"line":8,"column":73}},"2":{"start":{"line":11,"column":0},"end":{"line":11,"column":50}},"3":{"start":{"line":14,"column":7},"end":{"line":56,"column":null}},"4":{"start":{"line":16,"column":46},"end":{"line":16,"column":71}},"5":{"start":{"line":20,"column":4},"end":{"line":20,"column":35}},"6":{"start":{"line":24,"column":17},"end":{"line":24,"column":49}},"7":{"start":{"line":25,"column":4},"end":{"line":25,"column":67}},"8":{"start":{"line":25,"column":15},"end":{"line":25,"column":67}},"9":{"start":{"line":26,"column":4},"end":{"line":26,"column":16}},"10":{"start":{"line":30,"column":20},"end":{"line":30,"column":58}},"11":{"start":{"line":31,"column":19},"end":{"line":31,"column":49}},"12":{"start":{"line":33,"column":4},"end":{"line":35,"column":5}},"13":{"start":{"line":34,"column":6},"end":{"line":34,"column":75}},"14":{"start":{"line":37,"column":4},"end":{"line":39,"column":5}},"15":{"start":{"line":38,"column":6},"end":{"line":38,"column":67}},"16":{"start":{"line":41,"column":20},"end":{"line":41,"column":61}},"17":{"start":{"line":42,"column":4},"end":{"line":42,"column":76}},"18":{"start":{"line":42,"column":18},"end":{"line":42,"column":76}},"19":{"start":{"line":43,"column":4},"end":{"line":43,"column":19}},"20":{"start":{"line":47,"column":4},"end":{"line":49,"column":5}},"21":{"start":{"line":48,"column":6},"end":{"line":48,"column":73}},"22":{"start":{"line":51,"column":19},"end":{"line":51,"column":57}},"23":{"start":{"line":52,"column":4},"end":{"line":52,"column":75}},"24":{"start":{"line":52,"column":17},"end":{"line":52,"column":75}},"25":{"start":{"line":54,"column":4},"end":{"line":54,"column":41}},"26":{"start":{"line":14,"column":13},"end":{"line":14,"column":25}},"27":{"start":{"line":14,"column":13},"end":{"line":56,"column":null}}},"fnMap":{"0":{"name":"(anonymous_4)","decl":{"start":{"line":15,"column":2},"end":{"line":15,"column":null}},"loc":{"start":{"line":16,"column":71},"end":{"line":17,"column":6}}},"1":{"name":"(anonymous_5)","decl":{"start":{"line":19,"column":2},"end":{"line":19,"column":9}},"loc":{"start":{"line":19,"column":9},"end":{"line":21,"column":3}}},"2":{"name":"(anonymous_6)","decl":{"start":{"line":23,"column":2},"end":{"line":23,"column":7}},"loc":{"start":{"line":23,"column":27},"end":{"line":27,"column":3}}},"3":{"name":"(anonymous_7)","decl":{"start":{"line":29,"column":2},"end":{"line":29,"column":7}},"loc":{"start":{"line":29,"column":73},"end":{"line":44,"column":3}}},"4":{"name":"(anonymous_8)","decl":{"start":{"line":46,"column":2},"end":{"line":46,"column":7}},"loc":{"start":{"line":46,"column":53},"end":{"line":55,"column":3}}}},"branchMap":{"0":{"loc":{"start":{"line":25,"column":4},"end":{"line":25,"column":67}},"type":"if","locations":[{"start":{"line":25,"column":4},"end":{"line":25,"column":67}},{"start":{},"end":{}}]},"1":{"loc":{"start":{"line":33,"column":4},"end":{"line":35,"column":5}},"type":"if","locations":[{"start":{"line":33,"column":4},"end":{"line":35,"column":5}},{"start":{},"end":{}}]},"2":{"loc":{"start":{"line":33,"column":8},"end":{"line":33,"column":27}},"type":"binary-expr","locations":[{"start":{"line":33,"column":8},"end":{"line":33,"column":16}},{"start":{"line":33,"column":20},"end":{"line":33,"column":27}}]},"3":{"loc":{"start":{"line":37,"column":4},"end":{"line":39,"column":5}},"type":"if","locations":[{"start":{"line":37,"column":4},"end":{"line":39,"column":5}},{"start":{},"end":{}}]},"4":{"loc":{"start":{"line":37,"column":8},"end":{"line":37,"column":28}},"type":"binary-expr","locations":[{"start":{"line":37,"column":8},"end":{"line":37,"column":16}},{"start":{"line":37,"column":20},"end":{"line":37,"column":28}}]},"5":{"loc":{"start":{"line":42,"column":4},"end":{"line":42,"column":76}},"type":"if","locations":[{"start":{"line":42,"column":4},"end":{"line":42,"column":76}},{"start":{},"end":{}}]},"6":{"loc":{"start":{"line":47,"column":4},"end":{"line":49,"column":5}},"type":"if","locations":[{"start":{"line":47,"column":4},"end":{"line":49,"column":5}},{"start":{},"end":{}}]},"7":{"loc":{"start":{"line":52,"column":4},"end":{"line":52,"column":75}},"type":"if","locations":[{"start":{"line":52,"column":4},"end":{"line":52,"column":75}},{"start":{},"end":{}}]}},"s":{"0":2,"1":2,"2":2,"3":2,"4":12,"5":1,"6":2,"7":2,"8":1,"9":1,"10":6,"11":6,"12":6,"13":1,"14":5,"15":1,"16":4,"17":4,"18":1,"19":3,"20":3,"21":1,"22":2,"23":2,"24":1,"25":1,"26":2,"27":2},"f":{"0":12,"1":1,"2":2,"3":6,"4":3},"b":{"0":[1,1],"1":[1,5],"2":[6,3],"3":[1,4],"4":[5,2],"5":[1,3],"6":[1,2],"7":[1,1]}}
,"/Users/tobiaslarsen/leo/api/src/users/dto/create-user.dto.ts": {"path":"/Users/tobiaslarsen/leo/api/src/users/dto/create-user.dto.ts","statementMap":{"0":{"start":{"line":1,"column":0},"end":{"line":1,"column":83}},"1":{"start":{"line":2,"column":0},"end":{"line":2,"column":51}},"2":{"start":{"line":4,"column":0},"end":{"line":4,"column":13}},"3":{"start":{"line":6,"column":2},"end":{"line":6,"column":null}},"4":{"start":{"line":9,"column":2},"end":{"line":9,"column":null}},"5":{"start":{"line":13,"column":2},"end":{"line":13,"column":null}},"6":{"start":{"line":17,"column":2},"end":{"line":17,"column":null}}},"fnMap":{},"branchMap":{"0":{"loc":{"start":{"line":17,"column":9},"end":{"line":17,"column":18}},"type":"cond-expr","locations":[{"start":{"line":17,"column":17},"end":{"line":17,"column":18}},{"start":{"line":17,"column":17},"end":{"line":17,"column":18}}]},"1":{"loc":{"start":{"line":17,"column":9},"end":{"line":17,"column":17}},"type":"binary-expr","locations":[{"start":{"line":17,"column":9},"end":{"line":17,"column":18}},{"start":{"line":17,"column":9},"end":{"line":17,"column":17}}]}},"s":{"0":0,"1":0,"2":0,"3":0,"4":0,"5":0,"6":0},"f":{},"b":{"0":[0,0],"1":[0,0]}}
,"/Users/tobiaslarsen/leo/api/src/users/dto/update-user.dto.ts": {"path":"/Users/tobiaslarsen/leo/api/src/users/dto/update-user.dto.ts","statementMap":{"0":{"start":{"line":1,"column":0},"end":{"line":1,"column":83}},"1":{"start":{"line":2,"column":0},"end":{"line":2,"column":51}},"2":{"start":{"line":4,"column":0},"end":{"line":4,"column":13}},"3":{"start":{"line":7,"column":2},"end":{"line":7,"column":null}},"4":{"start":{"line":11,"column":2},"end":{"line":11,"column":null}},"5":{"start":{"line":16,"column":2},"end":{"line":16,"column":null}},"6":{"start":{"line":20,"column":2},"end":{"line":20,"column":null}}},"fnMap":{},"branchMap":{"0":{"loc":{"start":{"line":20,"column":9},"end":{"line":20,"column":18}},"type":"cond-expr","locations":[{"start":{"line":20,"column":17},"end":{"line":20,"column":18}},{"start":{"line":20,"column":17},"end":{"line":20,"column":18}}]},"1":{"loc":{"start":{"line":20,"column":9},"end":{"line":20,"column":17}},"type":"binary-expr","locations":[{"start":{"line":20,"column":9},"end":{"line":20,"column":18}},{"start":{"line":20,"column":9},"end":{"line":20,"column":17}}]}},"s":{"0":1,"1":1,"2":1,"3":1,"4":1,"5":1,"6":1},"f":{},"b":{"0":[0,1],"1":[1,1]}}
,"/Users/tobiaslarsen/leo/api/src/users/entities/user.entity.ts": {"path":"/Users/tobiaslarsen/leo/api/src/users/entities/user.entity.ts","statementMap":{"0":{"start":{"line":1,"column":0},"end":{"line":1,"column":null}},"1":{"start":{"line":8,"column":0},"end":{"line":8,"column":44}},"2":{"start":{"line":9,"column":0},"end":{"line":9,"column":51}},"3":{"start":{"line":12,"column":7},"end":{"line":37,"column":null}},"4":{"start":{"line":12,"column":13},"end":{"line":12,"column":17}},"5":{"start":{"line":14,"column":2},"end":{"line":14,"column":null}},"6":{"start":{"line":17,"column":2},"end":{"line":17,"column":null}},"7":{"start":{"line":20,"column":2},"end":{"line":20,"column":null}},"8":{"start":{"line":24,"column":2},"end":{"line":24,"column":null}},"9":{"start":{"line":27,"column":2},"end":{"line":27,"column":null}},"10":{"start":{"line":30,"column":2},"end":{"line":30,"column":null}},"11":{"start":{"line":33,"column":2},"end":{"line":33,"column":null}},"12":{"start":{"line":36,"column":2},"end":{"line":36,"column":null}},"13":{"start":{"line":12,"column":13},"end":{"line":37,"column":null}}},"fnMap":{},"branchMap":{"0":{"loc":{"start":{"line":27,"column":8},"end":{"line":27,"column":17}},"type":"cond-expr","locations":[{"start":{"line":27,"column":16},"end":{"line":27,"column":17}},{"start":{"line":27,"column":16},"end":{"line":27,"column":17}}]},"1":{"loc":{"start":{"line":27,"column":8},"end":{"line":27,"column":16}},"type":"binary-expr","locations":[{"start":{"line":27,"column":8},"end":{"line":27,"column":17}},{"start":{"line":27,"column":8},"end":{"line":27,"column":16}}]},"2":{"loc":{"start":{"line":33,"column":14},"end":{"line":33,"column":19}},"type":"cond-expr","locations":[{"start":{"line":33,"column":18},"end":{"line":33,"column":19}},{"start":{"line":33,"column":18},"end":{"line":33,"column":19}}]},"3":{"loc":{"start":{"line":33,"column":14},"end":{"line":33,"column":18}},"type":"binary-expr","locations":[{"start":{"line":33,"column":14},"end":{"line":33,"column":19}},{"start":{"line":33,"column":14},"end":{"line":33,"column":18}}]},"4":{"loc":{"start":{"line":36,"column":14},"end":{"line":36,"column":19}},"type":"cond-expr","locations":[{"start":{"line":36,"column":18},"end":{"line":36,"column":19}},{"start":{"line":36,"column":18},"end":{"line":36,"column":19}}]},"5":{"loc":{"start":{"line":36,"column":14},"end":{"line":36,"column":18}},"type":"binary-expr","locations":[{"start":{"line":36,"column":14},"end":{"line":36,"column":19}},{"start":{"line":36,"column":14},"end":{"line":36,"column":18}}]}},"s":{"0":2,"1":2,"2":2,"3":2,"4":2,"5":2,"6":2,"7":2,"8":2,"9":2,"10":2,"11":2,"12":2,"13":2},"f":{},"b":{"0":[0,2],"1":[2,2],"2":[2,0],"3":[2,2],"4":[2,0],"5":[2,2]}}
,"/Users/tobiaslarsen/leo/api/src/users/enums/user-role.enum.ts": {"path":"/Users/tobiaslarsen/leo/api/src/users/enums/user-role.enum.ts","statementMap":{"0":{"start":{"line":1,"column":0},"end":{"line":1,"column":null}},"1":{"start":{"line":2,"column":2},"end":{"line":2,"column":null}},"2":{"start":{"line":3,"column":2},"end":{"line":3,"column":null}}},"fnMap":{"0":{"name":"(anonymous_0)","decl":{"start":{"line":1,"column":0},"end":{"line":1,"column":12}},"loc":{"start":{"line":1,"column":20},"end":{"line":4,"column":1}}}},"branchMap":{"0":{"loc":{"start":{"line":1,"column":12},"end":{"line":1,"column":null}},"type":"binary-expr","locations":[{"start":{"line":1,"column":12},"end":{"line":1,"column":20}},{"start":{"line":1,"column":20},"end":{"line":1,"column":null}}]}},"s":{"0":4,"1":4,"2":4},"f":{"0":4},"b":{"0":[4,4]}}
,"/Users/tobiaslarsen/leo/api/src/users/interfaces/user-repository.interface.ts": {"path":"/Users/tobiaslarsen/leo/api/src/users/interfaces/user-repository.interface.ts","statementMap":{"0":{"start":{"line":14,"column":13},"end":{"line":14,"column":57}}},"fnMap":{},"branchMap":{},"s":{"0":2},"f":{},"b":{}}
}
